<?xml version="1.0" encoding="UTF-8"?>
<!-- Generated by org.testng.reporters.JUnitReportReporter -->
<testsuite hostname="SUCHIKANT" failures="0" tests="1" name="Demo.Demotest" time="0.013" errors="0" timestamp="2023-12-16T10:55:39 IST" skipped="0">
  <testcase classname="Demo.Demotest" name="vtest" time="0.013"/>
</testsuite> <!-- Demo.Demotest -->
