<?xml version="1.0" encoding="UTF-8"?>
<!-- Generated by org.testng.reporters.JUnitReportReporter -->
<testsuite hostname="SUCHIKANT" failures="0" tests="1" name="Demo.Sampletest" time="0.012" errors="0" timestamp="2023-12-16T10:57:16 IST" skipped="0">
  <testcase classname="Demo.Sampletest" name="samptest" time="0.012"/>
</testsuite> <!-- Demo.Sampletest -->
